<?xml version="1.0" encoding="UTF-8"?>
<!-- Generated by org.testng.reporters.JUnitReportReporter -->
<testsuite hostname="DESKTOP-1I7T66E" failures="0" tests="3" name="casestudy255.Testng5" time="15.023" errors="0" timestamp="20 Oct 2022 13:06:33 GMT">
  <testcase classname="casestudy255.Testng5" name="testcase2" time="1.122"/>
  <testcase classname="casestudy255.Testng5" name="testcase3" time="10.472"/>
  <testcase classname="casestudy255.Testng5" name="testcase1" time="3.429"/>
</testsuite> <!-- casestudy255.Testng5 -->
